<?xml version="1.0" encoding="UTF-8"?>
<!-- Generated by org.testng.reporters.JUnitReportReporter -->
<testsuite hostname="mindq-PC" name="com.ranford.master.EmpNG" tests="1" failures="0" timestamp="10 Jul 2017 02:45:54 GMT" time="26.507" errors="0">
  <testcase name="EMp" time="26.507" classname="com.ranford.master.EmpNG"/>
</testsuite> <!-- com.ranford.master.EmpNG -->
