<?xml version="1.0" encoding="UTF-8"?>
<!-- Generated by org.testng.reporters.JUnitReportReporter -->
<testsuite hostname="mindq-PC" name="com.ranford.master.Ng" tests="4" failures="0" timestamp="7 Jul 2017 02:44:50 GMT" time="20.891" errors="0">
  <testcase name="Logout" time="5.571" classname="com.ranford.master.Ng"/>
  <testcase name="Role" time="6.941" classname="com.ranford.master.Ng"/>
  <testcase name="Login" time="1.761" classname="com.ranford.master.Ng"/>
  <testcase name="OpenApp" time="6.618" classname="com.ranford.master.Ng"/>
</testsuite> <!-- com.ranford.master.Ng -->
