<?xml version="1.0" encoding="UTF-8"?>
<!-- Generated by org.testng.reporters.JUnitReportReporter -->
<testsuite hostname="mindq-PC" name="com.ranford.master.Exepom" tests="1" failures="0" timestamp="11 Jul 2017 03:01:58 GMT" time="8.807" errors="0">
  <testcase name="login" time="8.807" classname="com.ranford.master.Exepom"/>
</testsuite> <!-- com.ranford.master.Exepom -->
