<?xml version="1.0" encoding="UTF-8"?>
<!-- Generated by org.testng.reporters.JUnitReportReporter -->
<testsuite hostname="mindq-PC" name="com.ranford.master.RoleNg" tests="3" failures="0" timestamp="10 Jul 2017 03:06:47 GMT" time="44.163" errors="0">
  <testcase name="Role" time="14.911" classname="com.ranford.master.RoleNg"/>
  <testcase name="Role" time="14.571" classname="com.ranford.master.RoleNg"/>
  <testcase name="Role" time="14.681" classname="com.ranford.master.RoleNg"/>
</testsuite> <!-- com.ranford.master.RoleNg -->
